<?xml version="1.0" encoding="UTF-8"?>
<!-- Generated by org.testng.reporters.JUnitReportReporter -->
<testsuite hostname="DESKTOP-1NV6O7N" failures="0" tests="4" name="test_cases.Smoke_Tests" time="2.918" errors="0" timestamp="2022-12-24T09:21:34 IST" skipped="0">
  <testcase classname="test_cases.Smoke_Tests" name="TC_01_verify_json_data_received_as_required" time="2.464"/>
  <system-out/>
  <testcase classname="test_cases.Smoke_Tests" name="TC_04_verify_at_least_one_wicket_keeper_available_in_team" time="0.051"/>
  <system-out/>
  <testcase classname="test_cases.Smoke_Tests" name="TC_03_verify_at_least_one_player_is_foraigner_in_team" time="0.070"/>
  <system-out/>
  <testcase classname="test_cases.Smoke_Tests" name="TC_02_verify_all_key_value_pairs_received" time="0.333"/>
  <system-out/>
</testsuite> <!-- test_cases.Smoke_Tests -->
